  juego.cpp
D:\CodeDependenciesAndStuff\DXSDK\Include\dxgitype.h(12,1): warning C4005: 'DXGI_STATUS_OCCLUDED': macro redefinition
C:\Program Files (x86)\Windows Kits\10\Include\10.0.22621.0\shared\winerror.h(58019): message : see previous definition of 'DXGI_STATUS_OCCLUDED'
D:\CodeDependenciesAndStuff\DXSDK\Include\dxgitype.h(13,1): warning C4005: 'DXGI_STATUS_CLIPPED': macro redefinition
C:\Program Files (x86)\Windows Kits\10\Include\10.0.22621.0\shared\winerror.h(58028): message : see previous definition of 'DXGI_STATUS_CLIPPED'
D:\CodeDependenciesAndStuff\DXSDK\Include\dxgitype.h(14,1): warning C4005: 'DXGI_STATUS_NO_REDIRECTION': macro redefinition
C:\Program Files (x86)\Windows Kits\10\Include\10.0.22621.0\shared\winerror.h(58037): message : see previous definition of 'DXGI_STATUS_NO_REDIRECTION'
D:\CodeDependenciesAndStuff\DXSDK\Include\dxgitype.h(15,1): warning C4005: 'DXGI_STATUS_NO_DESKTOP_ACCESS': macro redefinition
C:\Program Files (x86)\Windows Kits\10\Include\10.0.22621.0\shared\winerror.h(58046): message : see previous definition of 'DXGI_STATUS_NO_DESKTOP_ACCESS'
D:\CodeDependenciesAndStuff\DXSDK\Include\dxgitype.h(16,1): warning C4005: 'DXGI_STATUS_GRAPHICS_VIDPN_SOURCE_IN_USE': macro redefinition
C:\Program Files (x86)\Windows Kits\10\Include\10.0.22621.0\shared\winerror.h(58055): message : see previous definition of 'DXGI_STATUS_GRAPHICS_VIDPN_SOURCE_IN_USE'
D:\CodeDependenciesAndStuff\DXSDK\Include\dxgitype.h(17,1): warning C4005: 'DXGI_STATUS_MODE_CHANGED': macro redefinition
C:\Program Files (x86)\Windows Kits\10\Include\10.0.22621.0\shared\winerror.h(58064): message : see previous definition of 'DXGI_STATUS_MODE_CHANGED'
D:\CodeDependenciesAndStuff\DXSDK\Include\dxgitype.h(18,1): warning C4005: 'DXGI_STATUS_MODE_CHANGE_IN_PROGRESS': macro redefinition
C:\Program Files (x86)\Windows Kits\10\Include\10.0.22621.0\shared\winerror.h(58073): message : see previous definition of 'DXGI_STATUS_MODE_CHANGE_IN_PROGRESS'
D:\CodeDependenciesAndStuff\DXSDK\Include\dxgitype.h(21,1): warning C4005: 'DXGI_ERROR_INVALID_CALL': macro redefinition
C:\Program Files (x86)\Windows Kits\10\Include\10.0.22621.0\shared\winerror.h(58088): message : see previous definition of 'DXGI_ERROR_INVALID_CALL'
D:\CodeDependenciesAndStuff\DXSDK\Include\dxgitype.h(22,1): warning C4005: 'DXGI_ERROR_NOT_FOUND': macro redefinition
C:\Program Files (x86)\Windows Kits\10\Include\10.0.22621.0\shared\winerror.h(58097): message : see previous definition of 'DXGI_ERROR_NOT_FOUND'
D:\CodeDependenciesAndStuff\DXSDK\Include\dxgitype.h(23,1): warning C4005: 'DXGI_ERROR_MORE_DATA': macro redefinition
C:\Program Files (x86)\Windows Kits\10\Include\10.0.22621.0\shared\winerror.h(58106): message : see previous definition of 'DXGI_ERROR_MORE_DATA'
D:\CodeDependenciesAndStuff\DXSDK\Include\dxgitype.h(24,1): warning C4005: 'DXGI_ERROR_UNSUPPORTED': macro redefinition
C:\Program Files (x86)\Windows Kits\10\Include\10.0.22621.0\shared\winerror.h(58115): message : see previous definition of 'DXGI_ERROR_UNSUPPORTED'
D:\CodeDependenciesAndStuff\DXSDK\Include\dxgitype.h(25,1): warning C4005: 'DXGI_ERROR_DEVICE_REMOVED': macro redefinition
C:\Program Files (x86)\Windows Kits\10\Include\10.0.22621.0\shared\winerror.h(58124): message : see previous definition of 'DXGI_ERROR_DEVICE_REMOVED'
D:\CodeDependenciesAndStuff\DXSDK\Include\dxgitype.h(26,1): warning C4005: 'DXGI_ERROR_DEVICE_HUNG': macro redefinition
C:\Program Files (x86)\Windows Kits\10\Include\10.0.22621.0\shared\winerror.h(58133): message : see previous definition of 'DXGI_ERROR_DEVICE_HUNG'
D:\CodeDependenciesAndStuff\DXSDK\Include\dxgitype.h(27,1): warning C4005: 'DXGI_ERROR_DEVICE_RESET': macro redefinition
C:\Program Files (x86)\Windows Kits\10\Include\10.0.22621.0\shared\winerror.h(58143): message : see previous definition of 'DXGI_ERROR_DEVICE_RESET'
D:\CodeDependenciesAndStuff\DXSDK\Include\dxgitype.h(28,1): warning C4005: 'DXGI_ERROR_WAS_STILL_DRAWING': macro redefinition
C:\Program Files (x86)\Windows Kits\10\Include\10.0.22621.0\shared\winerror.h(58152): message : see previous definition of 'DXGI_ERROR_WAS_STILL_DRAWING'
D:\CodeDependenciesAndStuff\DXSDK\Include\dxgitype.h(29,1): warning C4005: 'DXGI_ERROR_FRAME_STATISTICS_DISJOINT': macro redefinition
C:\Program Files (x86)\Windows Kits\10\Include\10.0.22621.0\shared\winerror.h(58162): message : see previous definition of 'DXGI_ERROR_FRAME_STATISTICS_DISJOINT'
D:\CodeDependenciesAndStuff\DXSDK\Include\dxgitype.h(30,1): warning C4005: 'DXGI_ERROR_GRAPHICS_VIDPN_SOURCE_IN_USE': macro redefinition
C:\Program Files (x86)\Windows Kits\10\Include\10.0.22621.0\shared\winerror.h(58171): message : see previous definition of 'DXGI_ERROR_GRAPHICS_VIDPN_SOURCE_IN_USE'
D:\CodeDependenciesAndStuff\DXSDK\Include\dxgitype.h(31,1): warning C4005: 'DXGI_ERROR_DRIVER_INTERNAL_ERROR': macro redefinition
C:\Program Files (x86)\Windows Kits\10\Include\10.0.22621.0\shared\winerror.h(58181): message : see previous definition of 'DXGI_ERROR_DRIVER_INTERNAL_ERROR'
D:\CodeDependenciesAndStuff\DXSDK\Include\dxgitype.h(32,1): warning C4005: 'DXGI_ERROR_NONEXCLUSIVE': macro redefinition
C:\Program Files (x86)\Windows Kits\10\Include\10.0.22621.0\shared\winerror.h(58190): message : see previous definition of 'DXGI_ERROR_NONEXCLUSIVE'
D:\CodeDependenciesAndStuff\DXSDK\Include\dxgitype.h(33,1): warning C4005: 'DXGI_ERROR_NOT_CURRENTLY_AVAILABLE': macro redefinition
C:\Program Files (x86)\Windows Kits\10\Include\10.0.22621.0\shared\winerror.h(58199): message : see previous definition of 'DXGI_ERROR_NOT_CURRENTLY_AVAILABLE'
D:\CodeDependenciesAndStuff\DXSDK\Include\dxgitype.h(34,1): warning C4005: 'DXGI_ERROR_REMOTE_CLIENT_DISCONNECTED': macro redefinition
C:\Program Files (x86)\Windows Kits\10\Include\10.0.22621.0\shared\winerror.h(58209): message : see previous definition of 'DXGI_ERROR_REMOTE_CLIENT_DISCONNECTED'
D:\CodeDependenciesAndStuff\DXSDK\Include\dxgitype.h(35,1): warning C4005: 'DXGI_ERROR_REMOTE_OUTOFMEMORY': macro redefinition
C:\Program Files (x86)\Windows Kits\10\Include\10.0.22621.0\shared\winerror.h(58218): message : see previous definition of 'DXGI_ERROR_REMOTE_OUTOFMEMORY'
D:\CodeDependenciesAndStuff\DXSDK\Include\d3d11.h(917,1): warning C4005: 'D3D11_ERROR_TOO_MANY_UNIQUE_STATE_OBJECTS': macro redefinition
C:\Program Files (x86)\Windows Kits\10\Include\10.0.22621.0\shared\winerror.h(58524): message : see previous definition of 'D3D11_ERROR_TOO_MANY_UNIQUE_STATE_OBJECTS'
D:\CodeDependenciesAndStuff\DXSDK\Include\d3d11.h(918,1): warning C4005: 'D3D11_ERROR_FILE_NOT_FOUND': macro redefinition
C:\Program Files (x86)\Windows Kits\10\Include\10.0.22621.0\shared\winerror.h(58533): message : see previous definition of 'D3D11_ERROR_FILE_NOT_FOUND'
D:\CodeDependenciesAndStuff\DXSDK\Include\d3d11.h(919,1): warning C4005: 'D3D11_ERROR_TOO_MANY_UNIQUE_VIEW_OBJECTS': macro redefinition
C:\Program Files (x86)\Windows Kits\10\Include\10.0.22621.0\shared\winerror.h(58543): message : see previous definition of 'D3D11_ERROR_TOO_MANY_UNIQUE_VIEW_OBJECTS'
D:\CodeDependenciesAndStuff\DXSDK\Include\d3d11.h(920,1): warning C4005: 'D3D11_ERROR_DEFERRED_CONTEXT_MAP_WITHOUT_INITIAL_DISCARD': macro redefinition
C:\Program Files (x86)\Windows Kits\10\Include\10.0.22621.0\shared\winerror.h(58552): message : see previous definition of 'D3D11_ERROR_DEFERRED_CONTEXT_MAP_WITHOUT_INITIAL_DISCARD'
D:\CodeDependenciesAndStuff\DXSDK\Include\d3d10.h(608,1): warning C4005: 'D3D10_ERROR_TOO_MANY_UNIQUE_STATE_OBJECTS': macro redefinition
C:\Program Files (x86)\Windows Kits\10\Include\10.0.22621.0\shared\winerror.h(58500): message : see previous definition of 'D3D10_ERROR_TOO_MANY_UNIQUE_STATE_OBJECTS'
D:\CodeDependenciesAndStuff\DXSDK\Include\d3d10.h(609,1): warning C4005: 'D3D10_ERROR_FILE_NOT_FOUND': macro redefinition
C:\Program Files (x86)\Windows Kits\10\Include\10.0.22621.0\shared\winerror.h(58509): message : see previous definition of 'D3D10_ERROR_FILE_NOT_FOUND'
D:\CodeDependenciesAndStuff\DXSDK\Include\xnamath.h(2662,52): warning C4838: conversion from 'unsigned int' to 'INT' requires a narrowing conversion
D:\CodeDependenciesAndStuff\DXSDK\Include\xnamath.h(2662,64): warning C4838: conversion from 'unsigned int' to 'INT' requires a narrowing conversion
D:\CodeDependenciesAndStuff\DXSDK\Include\xnamath.h(2662,76): warning C4838: conversion from 'unsigned int' to 'INT' requires a narrowing conversion
D:\CodeDependenciesAndStuff\DXSDK\Include\xnamath.h(2662,88): warning C4838: conversion from 'unsigned int' to 'INT' requires a narrowing conversion
D:\CodeDependenciesAndStuff\DXSDK\Include\xnamath.h(2663,52): warning C4838: conversion from 'unsigned int' to 'INT' requires a narrowing conversion
D:\CodeDependenciesAndStuff\DXSDK\Include\xnamath.h(2663,64): warning C4838: conversion from 'unsigned int' to 'INT' requires a narrowing conversion
D:\CodeDependenciesAndStuff\DXSDK\Include\xnamath.h(2663,76): warning C4838: conversion from 'unsigned int' to 'INT' requires a narrowing conversion
D:\CodeDependenciesAndStuff\DXSDK\Include\xnamath.h(2664,52): warning C4838: conversion from 'unsigned int' to 'INT' requires a narrowing conversion
D:\CodeDependenciesAndStuff\DXSDK\Include\xnamath.h(2664,64): warning C4838: conversion from 'unsigned int' to 'INT' requires a narrowing conversion
D:\CodeDependenciesAndStuff\DXSDK\Include\xnamath.h(2664,76): warning C4838: conversion from 'unsigned int' to 'INT' requires a narrowing conversion
D:\CodeDependenciesAndStuff\DXSDK\Include\xnamath.h(2665,52): warning C4838: conversion from 'unsigned int' to 'INT' requires a narrowing conversion
D:\CodeDependenciesAndStuff\DXSDK\Include\xnamath.h(2666,64): warning C4838: conversion from 'unsigned int' to 'INT' requires a narrowing conversion
D:\CodeDependenciesAndStuff\DXSDK\Include\xnamath.h(2667,76): warning C4838: conversion from 'unsigned int' to 'INT' requires a narrowing conversion
D:\CodeDependenciesAndStuff\DXSDK\Include\xnamath.h(2668,88): warning C4838: conversion from 'unsigned int' to 'INT' requires a narrowing conversion
D:\CodeDependenciesAndStuff\DXSDK\Include\xnamath.h(2689,46): warning C4838: conversion from 'unsigned int' to 'INT' requires a narrowing conversion
D:\CodeDependenciesAndStuff\DXSDK\Include\xnamath.h(2689,58): warning C4838: conversion from 'unsigned int' to 'INT' requires a narrowing conversion
D:\CodeDependenciesAndStuff\DXSDK\Include\xnamath.h(2689,70): warning C4838: conversion from 'unsigned int' to 'INT' requires a narrowing conversion
D:\CodeDependenciesAndStuff\DXSDK\Include\xnamath.h(2689,82): warning C4838: conversion from 'unsigned int' to 'INT' requires a narrowing conversion
D:\CodeDependenciesAndStuff\DXSDK\Include\xnamath.h(2690,88): warning C4838: conversion from 'unsigned int' to 'INT' requires a narrowing conversion
D:\CodeDependenciesAndStuff\DXSDK\Include\xnamath.h(2691,88): warning C4838: conversion from 'unsigned int' to 'INT' requires a narrowing conversion
D:\CodeDependenciesAndStuff\DXSDK\Include\xnamath.h(2694,88): warning C4838: conversion from 'unsigned int' to 'INT' requires a narrowing conversion
D:\CodeDependenciesAndStuff\DXSDK\Include\xnamath.h(2695,88): warning C4838: conversion from 'unsigned int' to 'INT' requires a narrowing conversion
D:\CodeDependenciesAndStuff\DXSDK\Include\xnamath.h(2698,64): warning C4838: conversion from 'unsigned int' to 'INT' requires a narrowing conversion
D:\CodeDependenciesAndStuff\DXSDK\Include\xnamath.h(2702,76): warning C4838: conversion from 'unsigned int' to 'INT' requires a narrowing conversion
D:\CodeDependenciesAndStuff\DXSDK\Include\xnamath.h(2702,88): warning C4838: conversion from 'unsigned int' to 'INT' requires a narrowing conversion
D:\CodeDependenciesAndStuff\DXSDK\Include\xnamath.h(2712,65): warning C4838: conversion from 'unsigned int' to 'INT' requires a narrowing conversion
D:\CodeDependenciesAndStuff\DXSDK\Include\xnamath.h(2712,91): warning C4838: conversion from 'unsigned int' to 'INT' requires a narrowing conversion
D:\CodeDependenciesAndStuff\DXSDK\Include\xnamath.h(2713,52): warning C4838: conversion from 'unsigned int' to 'INT' requires a narrowing conversion
D:\CodeDependenciesAndStuff\DXSDK\Include\xnamath.h(2713,78): warning C4838: conversion from 'unsigned int' to 'INT' requires a narrowing conversion
D:\CodeDependenciesAndStuff\DXSDK\Include\xnamath.h(2715,52): warning C4838: conversion from 'unsigned int' to 'INT' requires a narrowing conversion
D:\CodeDependenciesAndStuff\DXSDK\Include\xnamath.h(2716,52): warning C4838: conversion from 'unsigned int' to 'INT' requires a narrowing conversion
D:\CodeDependenciesAndStuff\DXSDK\Include\xnamath.h(2716,65): warning C4838: conversion from 'unsigned int' to 'INT' requires a narrowing conversion
D:\CodeDependenciesAndStuff\DXSDK\Include\xnamath.h(2717,52): warning C4838: conversion from 'unsigned int' to 'INT' requires a narrowing conversion
D:\CodeDependenciesAndStuff\DXSDK\Include\xnamath.h(2717,65): warning C4838: conversion from 'unsigned int' to 'INT' requires a narrowing conversion
D:\CodeDependenciesAndStuff\DXSDK\Include\xnamath.h(2717,78): warning C4838: conversion from 'unsigned int' to 'INT' requires a narrowing conversion
D:\CodeDependenciesAndStuff\DXSDK\Include\xnamath.h(2727,54): warning C4838: conversion from 'unsigned int' to 'INT' requires a narrowing conversion
D:\CodeDependenciesAndStuff\DXSDK\Include\xnamath.h(2728,56): warning C4838: conversion from 'unsigned int' to 'INT' requires a narrowing conversion
D:\CodeDependenciesAndStuff\DXSDK\Include\xnamath.h(2729,58): warning C4838: conversion from 'unsigned int' to 'INT' requires a narrowing conversion
D:\CodeDependenciesAndStuff\DXSDK\Include\xnamath.h(2730,54): warning C4838: conversion from 'unsigned int' to 'INT' requires a narrowing conversion
D:\CodeDependenciesAndStuff\DXSDK\Include\xnamath.h(2730,65): warning C4838: conversion from 'unsigned int' to 'INT' requires a narrowing conversion
D:\CodeDependenciesAndStuff\DXSDK\Include\xnamath.h(2731,56): warning C4838: conversion from 'unsigned int' to 'INT' requires a narrowing conversion
D:\CodeDependenciesAndStuff\DXSDK\Include\xnamath.h(2731,67): warning C4838: conversion from 'unsigned int' to 'INT' requires a narrowing conversion
D:\CodeDependenciesAndStuff\DXSDK\Include\xnamath.h(2732,54): warning C4838: conversion from 'unsigned int' to 'INT' requires a narrowing conversion
D:\CodeDependenciesAndStuff\DXSDK\Include\xnamath.h(2732,67): warning C4838: conversion from 'unsigned int' to 'INT' requires a narrowing conversion
D:\CodeDependenciesAndStuff\DXSDK\Include\xnamath.h(2742,60): warning C4838: conversion from 'unsigned int' to 'INT' requires a narrowing conversion
D:\CodeDependenciesAndStuff\DXSDK\Include\xnamath.h(2742,79): warning C4838: conversion from 'unsigned int' to 'INT' requires a narrowing conversion
D:\CodeDependenciesAndStuff\DXSDK\Include\xnamath.h(2743,70): warning C4838: conversion from 'unsigned int' to 'INT' requires a narrowing conversion
D:\CodeDependenciesAndStuff\DXSDK\Include\xnamath.h(2754,73): warning C4838: conversion from 'unsigned int' to 'INT' requires a narrowing conversion
D:\CodeDependenciesAndStuff\DXSDK\Include\xnamathconvert.inl(2254,71): warning C4838: conversion from 'unsigned int' to 'INT' requires a narrowing conversion
D:\CodeDependenciesAndStuff\DXSDK\Include\xnamathconvert.inl(4523,69): warning C4838: conversion from 'unsigned int' to 'INT' requires a narrowing conversion
D:\CodeDependenciesAndStuff\DXSDK\Include\xnamathconvert.inl(4577,68): warning C4838: conversion from 'unsigned int' to 'INT' requires a narrowing conversion
D:\CodeDependenciesAndStuff\DXSDK\Include\xnamathconvert.inl(4639,65): warning C4838: conversion from 'unsigned int' to 'INT' requires a narrowing conversion
D:\CodeDependenciesAndStuff\DXSDK\Include\xnamathconvert.inl(4707,64): warning C4838: conversion from 'unsigned int' to 'INT' requires a narrowing conversion
D:\CodeDependenciesAndStuff\DXSDK\Include\xnamathconvert.inl(4770,64): warning C4838: conversion from 'unsigned int' to 'INT' requires a narrowing conversion
D:\CodeDependenciesAndStuff\DXSDK\Include\xnamathconvert.inl(4832,63): warning C4838: conversion from 'unsigned int' to 'INT' requires a narrowing conversion
D:\CodeDependenciesAndStuff\DXSDK\Include\xnamathvector.inl(1269,45): warning C4838: conversion from 'unsigned int' to 'INT' requires a narrowing conversion
D:\CodeDependenciesAndStuff\DXSDK\Include\xnamathvector.inl(1269,56): warning C4838: conversion from 'unsigned int' to 'INT' requires a narrowing conversion
D:\CodeDependenciesAndStuff\DXSDK\Include\xnamathvector.inl(1269,67): warning C4838: conversion from 'unsigned int' to 'INT' requires a narrowing conversion
D:\CodeDependenciesAndStuff\DXSDK\Include\xnamathvector.inl(1269,78): warning C4838: conversion from 'unsigned int' to 'INT' requires a narrowing conversion
D:\CodeDependenciesAndStuff\DXSDK\Include\xnamathmisc.inl(518,43): warning C4838: conversion from 'unsigned int' to 'INT' requires a narrowing conversion
D:\CodeDependenciesAndStuff\DXSDK\Include\xnamathmisc.inl(519,40): warning C4838: conversion from 'unsigned int' to 'INT' requires a narrowing conversion
D:\CodeDependenciesAndStuff\DXSDK\Include\xnamathmisc.inl(519,51): warning C4838: conversion from 'unsigned int' to 'INT' requires a narrowing conversion
D:\Temp\examP2\juego.cpp(115,24): warning C4316: 'Camara': object allocated on the heap may not be aligned 16
  Tu7_2010.vcxproj -> D:\Temp\examP2\Debug\Tu7.exe
